# JRE version: Java(TM) SE Runtime Environment (8.0_171-b11) (build 1.8.0_171-b11)
# Java VM: Java HotSpot(TM) 64-Bit Server VM (25.171-b11 mixed mode windows-amd64 compressed oops)
Heap:
 PSYoungGen      total 465920K, used 0K [0x00000000d5d00000, 0x0000000100000000, 0x0000000100000000)
  eden space 285696K, 0% used [0x00000000d5d00000,0x00000000d5d00000,0x00000000e7400000)
  from space 180224K, 0% used [0x00000000f5000000,0x00000000f5000000,0x0000000100000000)
  to   space 202752K, 0% used [0x00000000e7400000,0x00000000e7400000,0x00000000f3a00000)
 ParOldGen       total 519680K, used 461269K [0x0000000081600000, 0x00000000b5f80000, 0x00000000d5d00000)
  object space 519680K, 88% used [0x0000000081600000,0x000000009d875560,0x00000000a1180000)
 Metaspace       used 12689K, capacity 12894K, committed 13056K, reserved 1060864K
  class space    used 1432K, capacity 1503K, committed 1536K, reserved 1048576K
GC Heap History (10 events):
Event: 539.638 GC heap after
Heap after GC invocations=61 (full 11):
 PSYoungGen      total 496128K, used 127608K [0x00000000d5d00000, 0x0000000100000000, 0x0000000100000000)
  eden space 327680K, 0% used [0x00000000d5d00000,0x00000000d5d00000,0x00000000e9d00000)
  from space 168448K, 75% used [0x00000000f4800000,0x00000000fc49e360,0x00000000fec80000)
  to   space 175104K, 0% used [0x00000000e9d00000,0x00000000e9d00000,0x00000000f4800000)
 ParOldGen       total 340480K, used 28695K [0x0000000081600000, 0x0000000096280000, 0x00000000d5d00000)
  object space 340480K, 8% used [0x0000000081600000,0x0000000083205fc0,0x0000000096280000)
 Metaspace       used 12284K, capacity 12390K, committed 12416K, reserved 1060864K
  class space    used 1360K, capacity 1403K, committed 1408K, reserved 1048576K
}
Event: 541.691 GC heap before
{Heap before GC invocations=62 (full 11):
 PSYoungGen      total 496128K, used 455288K [0x00000000d5d00000, 0x0000000100000000, 0x0000000100000000)
  eden space 327680K, 100% used [0x00000000d5d00000,0x00000000e9d00000,0x00000000e9d00000)
  from space 168448K, 75% used [0x00000000f4800000,0x00000000fc49e360,0x00000000fec80000)
  to   space 175104K, 0% used [0x00000000e9d00000,0x00000000e9d00000,0x00000000f4800000)
 ParOldGen       total 340480K, used 28695K [0x0000000081600000, 0x0000000096280000, 0x00000000d5d00000)
  object space 340480K, 8% used [0x0000000081600000,0x0000000083205fc0,0x0000000096280000)
 Metaspace       used 12287K, capacity 12390K, committed 12416K, reserved 1060864K
  class space    used 1360K, capacity 1403K, committed 1408K, reserved 1048576K
Event: 541.704 GC heap after
Heap after GC invocations=62 (full 11):
 PSYoungGen      total 502784K, used 76705K [0x00000000d5d00000, 0x00000000ffb80000, 0x0000000100000000)
  eden space 327680K, 0% used [0x00000000d5d00000,0x00000000d5d00000,0x00000000e9d00000)
  from space 175104K, 43% used [0x00000000e9d00000,0x00000000ee7e87e0,0x00000000f4800000)
  to   space 169472K, 0% used [0x00000000f5600000,0x00000000f5600000,0x00000000ffb80000)
 ParOldGen       total 340480K, used 28762K [0x0000000081600000, 0x0000000096280000, 0x00000000d5d00000)
  object space 340480K, 8% used [0x0000000081600000,0x0000000083216850,0x0000000096280000)
 Metaspace       used 12287K, capacity 12390K, committed 12416K, reserved 1060864K
  class space    used 1360K, capacity 1403K, committed 1408K, reserved 1048576K
}
Event: 543.668 GC heap before
{Heap before GC invocations=63 (full 11):
 PSYoungGen      total 502784K, used 404385K [0x00000000d5d00000, 0x00000000ffb80000, 0x0000000100000000)
  eden space 327680K, 100% used [0x00000000d5d00000,0x00000000e9d00000,0x00000000e9d00000)
  from space 175104K, 43% used [0x00000000e9d00000,0x00000000ee7e87e0,0x00000000f4800000)
  to   space 169472K, 0% used [0x00000000f5600000,0x00000000f5600000,0x00000000ffb80000)
 ParOldGen       total 340480K, used 28762K [0x0000000081600000, 0x0000000096280000, 0x00000000d5d00000)
  object space 340480K, 8% used [0x0000000081600000,0x0000000083216850,0x0000000096280000)
 Metaspace       used 12289K, capacity 12454K, committed 12672K, reserved 1060864K
  class space    used 1360K, capacity 1403K, committed 1408K, reserved 1048576K
Event: 543.679 GC heap after
Heap after GC invocations=63 (full 11):
 PSYoungGen      total 503808K, used 76676K [0x00000000d5d00000, 0x00000000fef80000, 0x0000000100000000)
  eden space 346624K, 0% used [0x00000000d5d00000,0x00000000d5d00000,0x00000000eaf80000)
  from space 157184K, 48% used [0x00000000f5600000,0x00000000fa0e1398,0x00000000fef80000)
  to   space 163840K, 0% used [0x00000000eaf80000,0x00000000eaf80000,0x00000000f4f80000)
 ParOldGen       total 340480K, used 28770K [0x0000000081600000, 0x0000000096280000, 0x00000000d5d00000)
  object space 340480K, 8% used [0x0000000081600000,0x0000000083218850,0x0000000096280000)
 Metaspace       used 12289K, capacity 12454K, committed 12672K, reserved 1060864K
  class space    used 1360K, capacity 1403K, committed 1408K, reserved 1048576K
}
Event: 545.678 GC heap before
{Heap before GC invocations=64 (full 11):
 PSYoungGen      total 503808K, used 421856K [0x00000000d5d00000, 0x00000000fef80000, 0x0000000100000000)
  eden space 346624K, 99% used [0x00000000d5d00000,0x00000000eae17028,0x00000000eaf80000)
  from space 157184K, 48% used [0x00000000f5600000,0x00000000fa0e1398,0x00000000fef80000)
  to   space 163840K, 0% used [0x00000000eaf80000,0x00000000eaf80000,0x00000000f4f80000)
 ParOldGen       total 340480K, used 28770K [0x0000000081600000, 0x0000000096280000, 0x00000000d5d00000)
  object space 340480K, 8% used [0x0000000081600000,0x0000000083218850,0x0000000096280000)
 Metaspace       used 12670K, capacity 12806K, committed 13056K, reserved 1060864K
  class space    used 1430K, capacity 1499K, committed 1536K, reserved 1048576K
Event: 545.713 GC heap after
Heap after GC invocations=64 (full 11):
 PSYoungGen      total 510464K, used 153433K [0x00000000d5d00000, 0x0000000100000000, 0x0000000100000000)
  eden space 346624K, 0% used [0x00000000d5d00000,0x00000000d5d00000,0x00000000eaf80000)
  from space 163840K, 93% used [0x00000000eaf80000,0x00000000f45566f8,0x00000000f4f80000)
  to   space 180224K, 0% used [0x00000000f5000000,0x00000000f5000000,0x0000000100000000)
 ParOldGen       total 340480K, used 130717K [0x0000000081600000, 0x0000000096280000, 0x00000000d5d00000)
  object space 340480K, 38% used [0x0000000081600000,0x00000000895a7578,0x0000000096280000)
 Metaspace       used 12670K, capacity 12806K, committed 13056K, reserved 1060864K
  class space    used 1430K, capacity 1499K, committed 1536K, reserved 1048576K
}
Event: 547.269 GC heap before
{Heap before GC invocations=65 (full 11):
 PSYoungGen      total 510464K, used 479757K [0x00000000d5d00000, 0x0000000100000000, 0x0000000100000000)
  eden space 346624K, 94% used [0x00000000d5d00000,0x00000000e9bacfb0,0x00000000eaf80000)
  from space 163840K, 93% used [0x00000000eaf80000,0x00000000f45566f8,0x00000000f4f80000)
  to   space 180224K, 0% used [0x00000000f5000000,0x00000000f5000000,0x0000000100000000)
 ParOldGen       total 340480K, used 130717K [0x0000000081600000, 0x0000000096280000, 0x00000000d5d00000)
  object space 340480K, 38% used [0x0000000081600000,0x00000000895a7578,0x0000000096280000)
 Metaspace       used 12689K, capacity 12894K, committed 13056K, reserved 1060864K
  class space    used 1432K, capacity 1503K, committed 1536K, reserved 1048576K
Event: 547.439 GC heap after
Heap after GC invocations=65 (full 11):
 PSYoungGen      total 465920K, used 178598K [0x00000000d5d00000, 0x0000000100000000, 0x0000000100000000)
  eden space 285696K, 0% used [0x00000000d5d00000,0x00000000d5d00000,0x00000000e7400000)
  from space 180224K, 99% used [0x00000000f5000000,0x00000000ffe69b88,0x0000000100000000)
  to   space 202752K, 0% used [0x00000000e7400000,0x00000000e7400000,0x00000000f3a00000)
 ParOldGen       total 519680K, used 513101K [0x0000000081600000, 0x00000000a1180000, 0x00000000d5d00000)
  object space 519680K, 98% used [0x0000000081600000,0x00000000a0b13718,0x00000000a1180000)
 Metaspace       used 12689K, capacity 12894K, committed 13056K, reserved 1060864K
  class space    used 1432K, capacity 1503K, committed 1536K, reserved 1048576K
}
Event: 547.439 GC heap before
{Heap before GC invocations=66 (full 12):
 PSYoungGen      total 465920K, used 178598K [0x00000000d5d00000, 0x0000000100000000, 0x0000000100000000)
  eden space 285696K, 0% used [0x00000000d5d00000,0x00000000d5d00000,0x00000000e7400000)
  from space 180224K, 99% used [0x00000000f5000000,0x00000000ffe69b88,0x0000000100000000)
  to   space 202752K, 0% used [0x00000000e7400000,0x00000000e7400000,0x00000000f3a00000)
 ParOldGen       total 519680K, used 513101K [0x0000000081600000, 0x00000000a1180000, 0x00000000d5d00000)
  object space 519680K, 98% used [0x0000000081600000,0x00000000a0b13718,0x00000000a1180000)
 Metaspace       used 12689K, capacity 12894K, committed 13056K, reserved 1060864K
  class space    used 1432K, capacity 1503K, committed 1536K, reserved 1048576K

