# JRE version: Java(TM) SE Runtime Environment (8.0_171-b11) (build 1.8.0_171-b11)
# Java VM: Java HotSpot(TM) 64-Bit Server VM (25.171-b11 mixed mode windows-amd64 compressed oops)
Heap:
 PSYoungGen      total 420352K, used 237214K [0x00000000d5d00000, 0x00000000f1300000, 0x0000000100000000)
  eden space 392192K, 60% used [0x00000000d5d00000,0x00000000e44a7878,0x00000000edc00000)
  from space 28160K, 0% used [0x00000000edc00000,0x00000000edc00000,0x00000000ef780000)
  to   space 22016K, 0% used [0x00000000efd80000,0x00000000efd80000,0x00000000f1300000)
 ParOldGen       total 358400K, used 333344K [0x0000000081600000, 0x0000000097400000, 0x00000000d5d00000)
  object space 358400K, 93% used [0x0000000081600000,0x0000000095b881e8,0x0000000097400000)
 Metaspace       used 12552K, capacity 12702K, committed 12800K, reserved 1060864K
  class space    used 1432K, capacity 1503K, committed 1536K, reserved 1048576K
GC Heap History (10 events):
Event: 48.770 GC heap before
{Heap before GC invocations=34 (full 10):
 PSYoungGen      total 420352K, used 372719K [0x00000000d5d00000, 0x00000000f1300000, 0x0000000100000000)
  eden space 392192K, 95% used [0x00000000d5d00000,0x00000000ec8fbf40,0x00000000edc00000)
  from space 28160K, 0% used [0x00000000edc00000,0x00000000edc00000,0x00000000ef780000)
  to   space 22016K, 0% used [0x00000000efd80000,0x00000000efd80000,0x00000000f1300000)
 ParOldGen       total 307200K, used 28444K [0x0000000081600000, 0x0000000094200000, 0x00000000d5d00000)
  object space 307200K, 9% used [0x0000000081600000,0x00000000831c7010,0x0000000094200000)
 Metaspace       used 12126K, capacity 12262K, committed 12416K, reserved 1060864K
  class space    used 1360K, capacity 1403K, committed 1408K, reserved 1048576K
Event: 48.780 GC heap after
Heap after GC invocations=34 (full 10):
 PSYoungGen      total 414208K, used 244K [0x00000000d5d00000, 0x00000000f1300000, 0x0000000100000000)
  eden space 392192K, 0% used [0x00000000d5d00000,0x00000000d5d00000,0x00000000edc00000)
  from space 22016K, 1% used [0x00000000efd80000,0x00000000efdbd108,0x00000000f1300000)
  to   space 28160K, 0% used [0x00000000edc00000,0x00000000edc00000,0x00000000ef780000)
 ParOldGen       total 307200K, used 104876K [0x0000000081600000, 0x0000000094200000, 0x00000000d5d00000)
  object space 307200K, 34% used [0x0000000081600000,0x0000000087c6b2b8,0x0000000094200000)
 Metaspace       used 12126K, capacity 12262K, committed 12416K, reserved 1060864K
  class space    used 1360K, capacity 1403K, committed 1408K, reserved 1048576K
}
Event: 49.964 GC heap before
{Heap before GC invocations=35 (full 10):
 PSYoungGen      total 414208K, used 376868K [0x00000000d5d00000, 0x00000000f1300000, 0x0000000100000000)
  eden space 392192K, 96% used [0x00000000d5d00000,0x00000000ecccc2e8,0x00000000edc00000)
  from space 22016K, 1% used [0x00000000efd80000,0x00000000efdbd108,0x00000000f1300000)
  to   space 28160K, 0% used [0x00000000edc00000,0x00000000edc00000,0x00000000ef780000)
 ParOldGen       total 307200K, used 104876K [0x0000000081600000, 0x0000000094200000, 0x00000000d5d00000)
  object space 307200K, 34% used [0x0000000081600000,0x0000000087c6b2b8,0x0000000094200000)
 Metaspace       used 12528K, capacity 12678K, committed 12800K, reserved 1060864K
  class space    used 1430K, capacity 1499K, committed 1536K, reserved 1048576K
Event: 49.984 GC heap after
Heap after GC invocations=35 (full 10):
 PSYoungGen      total 420352K, used 26013K [0x00000000d5d00000, 0x00000000f1300000, 0x0000000100000000)
  eden space 392192K, 0% used [0x00000000d5d00000,0x00000000d5d00000,0x00000000edc00000)
  from space 28160K, 92% used [0x00000000edc00000,0x00000000ef5677e0,0x00000000ef780000)
  to   space 22016K, 0% used [0x00000000efd80000,0x00000000efd80000,0x00000000f1300000)
 ParOldGen       total 307200K, used 257866K [0x0000000081600000, 0x0000000094200000, 0x00000000d5d00000)
  object space 307200K, 83% used [0x0000000081600000,0x00000000911d2910,0x0000000094200000)
 Metaspace       used 12528K, capacity 12678K, committed 12800K, reserved 1060864K
  class space    used 1430K, capacity 1499K, committed 1536K, reserved 1048576K
}
Event: 49.984 GC heap before
{Heap before GC invocations=36 (full 11):
 PSYoungGen      total 420352K, used 26013K [0x00000000d5d00000, 0x00000000f1300000, 0x0000000100000000)
  eden space 392192K, 0% used [0x00000000d5d00000,0x00000000d5d00000,0x00000000edc00000)
  from space 28160K, 92% used [0x00000000edc00000,0x00000000ef5677e0,0x00000000ef780000)
  to   space 22016K, 0% used [0x00000000efd80000,0x00000000efd80000,0x00000000f1300000)
 ParOldGen       total 307200K, used 257866K [0x0000000081600000, 0x0000000094200000, 0x00000000d5d00000)
  object space 307200K, 83% used [0x0000000081600000,0x00000000911d2910,0x0000000094200000)
 Metaspace       used 12528K, capacity 12678K, committed 12800K, reserved 1060864K
  class space    used 1430K, capacity 1499K, committed 1536K, reserved 1048576K
Event: 50.002 GC heap after
Heap after GC invocations=36 (full 11):
 PSYoungGen      total 420352K, used 0K [0x00000000d5d00000, 0x00000000f1300000, 0x0000000100000000)
  eden space 392192K, 0% used [0x00000000d5d00000,0x00000000d5d00000,0x00000000edc00000)
  from space 28160K, 0% used [0x00000000edc00000,0x00000000edc00000,0x00000000ef780000)
  to   space 22016K, 0% used [0x00000000efd80000,0x00000000efd80000,0x00000000f1300000)
 ParOldGen       total 307200K, used 79614K [0x0000000081600000, 0x0000000094200000, 0x00000000d5d00000)
  object space 307200K, 25% used [0x0000000081600000,0x00000000863bfaa8,0x0000000094200000)
 Metaspace       used 12528K, capacity 12678K, committed 12800K, reserved 1060864K
  class space    used 1430K, capacity 1499K, committed 1536K, reserved 1048576K
}
Event: 51.237 GC heap before
{Heap before GC invocations=37 (full 11):
 PSYoungGen      total 420352K, used 380010K [0x00000000d5d00000, 0x00000000f1300000, 0x0000000100000000)
  eden space 392192K, 96% used [0x00000000d5d00000,0x00000000ed01abd8,0x00000000edc00000)
  from space 28160K, 0% used [0x00000000edc00000,0x00000000edc00000,0x00000000ef780000)
  to   space 22016K, 0% used [0x00000000efd80000,0x00000000efd80000,0x00000000f1300000)
 ParOldGen       total 307200K, used 79614K [0x0000000081600000, 0x0000000094200000, 0x00000000d5d00000)
  object space 307200K, 25% used [0x0000000081600000,0x00000000863bfaa8,0x0000000094200000)
 Metaspace       used 12548K, capacity 12702K, committed 12800K, reserved 1060864K
  class space    used 1432K, capacity 1503K, committed 1536K, reserved 1048576K
Event: 51.299 GC heap after
Heap after GC invocations=37 (full 11):
 PSYoungGen      total 420352K, used 380010K [0x00000000d5d00000, 0x00000000f1300000, 0x0000000100000000)
  eden space 392192K, 96% used [0x00000000d5d00000,0x00000000ed01abd8,0x00000000edc00000)
  from space 28160K, 0% used [0x00000000edc00000,0x00000000edc00000,0x00000000ef780000)
  to   space 22016K, 1% used [0x00000000efd80000,0x00000000efdc8000,0x00000000f1300000)
 ParOldGen       total 358400K, used 334398K [0x0000000081600000, 0x0000000097400000, 0x00000000d5d00000)
  object space 358400K, 93% used [0x0000000081600000,0x0000000095c8f8d8,0x0000000097400000)
 Metaspace       used 12548K, capacity 12702K, committed 12800K, reserved 1060864K
  class space    used 1432K, capacity 1503K, committed 1536K, reserved 1048576K
}
Event: 51.299 GC heap before
{Heap before GC invocations=38 (full 12):
 PSYoungGen      total 420352K, used 380010K [0x00000000d5d00000, 0x00000000f1300000, 0x0000000100000000)
  eden space 392192K, 96% used [0x00000000d5d00000,0x00000000ed01abd8,0x00000000edc00000)
  from space 28160K, 0% used [0x00000000edc00000,0x00000000edc00000,0x00000000ef780000)
  to   space 22016K, 1% used [0x00000000efd80000,0x00000000efdc8000,0x00000000f1300000)
 ParOldGen       total 358400K, used 334398K [0x0000000081600000, 0x0000000097400000, 0x00000000d5d00000)
  object space 358400K, 93% used [0x0000000081600000,0x0000000095c8f8d8,0x0000000097400000)
 Metaspace       used 12548K, capacity 12702K, committed 12800K, reserved 1060864K
  class space    used 1432K, capacity 1503K, committed 1536K, reserved 1048576K
Event: 51.370 GC heap after
Heap after GC invocations=38 (full 12):
 PSYoungGen      total 420352K, used 102095K [0x00000000d5d00000, 0x00000000f1300000, 0x0000000100000000)
  eden space 392192K, 26% used [0x00000000d5d00000,0x00000000dc0b3c10,0x00000000edc00000)
  from space 28160K, 0% used [0x00000000edc00000,0x00000000edc00000,0x00000000ef780000)
  to   space 22016K, 0% used [0x00000000efd80000,0x00000000efd80000,0x00000000f1300000)
 ParOldGen       total 358400K, used 333344K [0x0000000081600000, 0x0000000097400000, 0x00000000d5d00000)
  object space 358400K, 93% used [0x0000000081600000,0x0000000095b881e8,0x0000000097400000)
 Metaspace       used 12548K, capacity 12702K, committed 12800K, reserved 1060864K
  class space    used 1432K, capacity 1503K, committed 1536K, reserved 1048576K
}

