# JRE version: Java(TM) SE Runtime Environment (8.0_171-b11) (build 1.8.0_171-b11)
# Java VM: Java HotSpot(TM) 64-Bit Server VM (25.171-b11 mixed mode windows-amd64 compressed oops)
Heap:
 PSYoungGen      total 406016K, used 185820K [0x00000000d5d00000, 0x00000000f1480000, 0x0000000100000000)
  eden space 363008K, 39% used [0x00000000d5d00000,0x00000000de9c2ba8,0x00000000ebf80000)
  from space 43008K, 96% used [0x00000000ebf80000,0x00000000ee834470,0x00000000ee980000)
  to   space 44032K, 0% used [0x00000000ee980000,0x00000000ee980000,0x00000000f1480000)
 ParOldGen       total 360448K, used 188406K [0x0000000081600000, 0x0000000097600000, 0x00000000d5d00000)
  object space 360448K, 52% used [0x0000000081600000,0x000000008cdfd898,0x0000000097600000)
 Metaspace       used 12048K, capacity 12134K, committed 12160K, reserved 1060864K
  class space    used 1360K, capacity 1403K, committed 1408K, reserved 1048576K
GC Heap History (10 events):
Event: 23.297 GC heap before
{Heap before GC invocations=18 (full 4):
 PSYoungGen      total 254976K, used 246263K [0x00000000d5d00000, 0x00000000eb200000, 0x0000000100000000)
  eden space 226304K, 97% used [0x00000000d5d00000,0x00000000e33a2d48,0x00000000e3a00000)
  from space 28672K, 92% used [0x00000000e3a00000,0x00000000e53db270,0x00000000e5600000)
  to   space 33280K, 0% used [0x00000000e9180000,0x00000000e9180000,0x00000000eb200000)
 ParOldGen       total 280064K, used 135761K [0x0000000081600000, 0x0000000092780000, 0x00000000d5d00000)
  object space 280064K, 48% used [0x0000000081600000,0x0000000089a946a0,0x0000000092780000)
 Metaspace       used 11590K, capacity 11686K, committed 11904K, reserved 1060864K
  class space    used 1284K, capacity 1339K, committed 1408K, reserved 1048576K
Event: 23.311 GC heap after
Heap after GC invocations=18 (full 4):
 PSYoungGen      total 311296K, used 30236K [0x00000000d5d00000, 0x00000000eb880000, 0x0000000100000000)
  eden space 278016K, 0% used [0x00000000d5d00000,0x00000000d5d00000,0x00000000e6c80000)
  from space 33280K, 90% used [0x00000000e9180000,0x00000000eaf07080,0x00000000eb200000)
  to   space 37888K, 0% used [0x00000000e6c80000,0x00000000e6c80000,0x00000000e9180000)
 ParOldGen       total 280064K, used 139529K [0x0000000081600000, 0x0000000092780000, 0x00000000d5d00000)
  object space 280064K, 49% used [0x0000000081600000,0x0000000089e424b0,0x0000000092780000)
 Metaspace       used 11590K, capacity 11686K, committed 11904K, reserved 1060864K
  class space    used 1284K, capacity 1339K, committed 1408K, reserved 1048576K
}
Event: 27.392 GC heap before
{Heap before GC invocations=19 (full 4):
 PSYoungGen      total 311296K, used 308252K [0x00000000d5d00000, 0x00000000eb880000, 0x0000000100000000)
  eden space 278016K, 100% used [0x00000000d5d00000,0x00000000e6c80000,0x00000000e6c80000)
  from space 33280K, 90% used [0x00000000e9180000,0x00000000eaf07080,0x00000000eb200000)
  to   space 37888K, 0% used [0x00000000e6c80000,0x00000000e6c80000,0x00000000e9180000)
 ParOldGen       total 280064K, used 139529K [0x0000000081600000, 0x0000000092780000, 0x00000000d5d00000)
  object space 280064K, 49% used [0x0000000081600000,0x0000000089e424b0,0x0000000092780000)
 Metaspace       used 11597K, capacity 11750K, committed 11904K, reserved 1060864K
  class space    used 1284K, capacity 1339K, committed 1408K, reserved 1048576K
Event: 27.467 GC heap after
Heap after GC invocations=19 (full 4):
 PSYoungGen      total 315904K, used 37851K [0x00000000d5d00000, 0x00000000f1500000, 0x0000000100000000)
  eden space 278016K, 0% used [0x00000000d5d00000,0x00000000d5d00000,0x00000000e6c80000)
  from space 37888K, 99% used [0x00000000e6c80000,0x00000000e9176ca0,0x00000000e9180000)
  to   space 44544K, 0% used [0x00000000ee980000,0x00000000ee980000,0x00000000f1500000)
 ParOldGen       total 280064K, used 241447K [0x0000000081600000, 0x0000000092780000, 0x00000000d5d00000)
  object space 280064K, 86% used [0x0000000081600000,0x00000000901c9d70,0x0000000092780000)
 Metaspace       used 11597K, capacity 11750K, committed 11904K, reserved 1060864K
  class space    used 1284K, capacity 1339K, committed 1408K, reserved 1048576K
}
Event: 27.467 GC heap before
{Heap before GC invocations=20 (full 5):
 PSYoungGen      total 315904K, used 37851K [0x00000000d5d00000, 0x00000000f1500000, 0x0000000100000000)
  eden space 278016K, 0% used [0x00000000d5d00000,0x00000000d5d00000,0x00000000e6c80000)
  from space 37888K, 99% used [0x00000000e6c80000,0x00000000e9176ca0,0x00000000e9180000)
  to   space 44544K, 0% used [0x00000000ee980000,0x00000000ee980000,0x00000000f1500000)
 ParOldGen       total 280064K, used 241447K [0x0000000081600000, 0x0000000092780000, 0x00000000d5d00000)
  object space 280064K, 86% used [0x0000000081600000,0x00000000901c9d70,0x0000000092780000)
 Metaspace       used 11597K, capacity 11750K, committed 11904K, reserved 1060864K
  class space    used 1284K, capacity 1339K, committed 1408K, reserved 1048576K
Event: 27.487 GC heap after
Heap after GC invocations=20 (full 5):
 PSYoungGen      total 315904K, used 0K [0x00000000d5d00000, 0x00000000f1500000, 0x0000000100000000)
  eden space 278016K, 0% used [0x00000000d5d00000,0x00000000d5d00000,0x00000000e6c80000)
  from space 37888K, 0% used [0x00000000e6c80000,0x00000000e6c80000,0x00000000e9180000)
  to   space 44544K, 0% used [0x00000000ee980000,0x00000000ee980000,0x00000000f1500000)
 ParOldGen       total 360448K, used 101668K [0x0000000081600000, 0x0000000097600000, 0x00000000d5d00000)
  object space 360448K, 28% used [0x0000000081600000,0x00000000879491c8,0x0000000097600000)
 Metaspace       used 11597K, capacity 11750K, committed 11904K, reserved 1060864K
  class space    used 1284K, capacity 1339K, committed 1408K, reserved 1048576K
}
Event: 31.946 GC heap before
{Heap before GC invocations=21 (full 5):
 PSYoungGen      total 315904K, used 268920K [0x00000000d5d00000, 0x00000000f1500000, 0x0000000100000000)
  eden space 278016K, 96% used [0x00000000d5d00000,0x00000000e639e178,0x00000000e6c80000)
  from space 37888K, 0% used [0x00000000e6c80000,0x00000000e6c80000,0x00000000e9180000)
  to   space 44544K, 0% used [0x00000000ee980000,0x00000000ee980000,0x00000000f1500000)
 ParOldGen       total 360448K, used 101668K [0x0000000081600000, 0x0000000097600000, 0x00000000d5d00000)
  object space 360448K, 28% used [0x0000000081600000,0x00000000879491c8,0x0000000097600000)
 Metaspace       used 11602K, capacity 11750K, committed 11904K, reserved 1060864K
  class space    used 1284K, capacity 1339K, committed 1408K, reserved 1048576K
Event: 31.959 GC heap after
Heap after GC invocations=21 (full 5):
 PSYoungGen      total 407040K, used 18957K [0x00000000d5d00000, 0x00000000f1480000, 0x0000000100000000)
  eden space 363008K, 0% used [0x00000000d5d00000,0x00000000d5d00000,0x00000000ebf80000)
  from space 44032K, 43% used [0x00000000ee980000,0x00000000efc03650,0x00000000f1480000)
  to   space 43008K, 0% used [0x00000000ebf80000,0x00000000ebf80000,0x00000000ee980000)
 ParOldGen       total 360448K, used 101668K [0x0000000081600000, 0x0000000097600000, 0x00000000d5d00000)
  object space 360448K, 28% used [0x0000000081600000,0x00000000879491c8,0x0000000097600000)
 Metaspace       used 11602K, capacity 11750K, committed 11904K, reserved 1060864K
  class space    used 1284K, capacity 1339K, committed 1408K, reserved 1048576K
}
Event: 37.337 GC heap before
{Heap before GC invocations=22 (full 5):
 PSYoungGen      total 407040K, used 381602K [0x00000000d5d00000, 0x00000000f1480000, 0x0000000100000000)
  eden space 363008K, 99% used [0x00000000d5d00000,0x00000000ebf25228,0x00000000ebf80000)
  from space 44032K, 43% used [0x00000000ee980000,0x00000000efc03650,0x00000000f1480000)
  to   space 43008K, 0% used [0x00000000ebf80000,0x00000000ebf80000,0x00000000ee980000)
 ParOldGen       total 360448K, used 101668K [0x0000000081600000, 0x0000000097600000, 0x00000000d5d00000)
  object space 360448K, 28% used [0x0000000081600000,0x00000000879491c8,0x0000000097600000)
 Metaspace       used 11614K, capacity 11814K, committed 11904K, reserved 1060864K
  class space    used 1284K, capacity 1339K, committed 1408K, reserved 1048576K
Event: 37.388 GC heap after
Heap after GC invocations=22 (full 5):
 PSYoungGen      total 406016K, used 41681K [0x00000000d5d00000, 0x00000000f1480000, 0x0000000100000000)
  eden space 363008K, 0% used [0x00000000d5d00000,0x00000000d5d00000,0x00000000ebf80000)
  from space 43008K, 96% used [0x00000000ebf80000,0x00000000ee834470,0x00000000ee980000)
  to   space 44032K, 0% used [0x00000000ee980000,0x00000000ee980000,0x00000000f1480000)
 ParOldGen       total 360448K, used 188406K [0x0000000081600000, 0x0000000097600000, 0x00000000d5d00000)
  object space 360448K, 52% used [0x0000000081600000,0x000000008cdfd898,0x0000000097600000)
 Metaspace       used 11614K, capacity 11814K, committed 11904K, reserved 1060864K
  class space    used 1284K, capacity 1339K, committed 1408K, reserved 1048576K
}

